<?xml version="1.0" encoding="UTF-8"?>
<robot generator="Robot 4.1.2 (Python 3.8.1 on win32)" generated="20250808 14:01:11.454" rpa="false" schemaversion="2">
<suite id="s1" name="Complex Json" source="C:\Users\JIBISWAS\PycharmProjects\FirstAutomationSetting\API_json\complex_json.robot">
<test id="s1-t1" name="Covid Json data">
<kw name="Create Session" library="RequestsLibrary">
<arg>mysession</arg>
<arg>${Base_url}</arg>
<doc>Create Session: create a HTTP session to a server</doc>
<msg timestamp="20250808 14:01:12.452" level="INFO">Creating Session using : alias=mysession, url=https://api.covid19api.com/, headers={},                     cookies={}, auth=None, timeout=None, proxies=None, verify=False,                     debug=0 </msg>
<status status="PASS" starttime="20250808 14:01:12.452" endtime="20250808 14:01:12.453"/>
</kw>
<kw name="Get Request" library="RequestsLibrary">
<var>${response}</var>
<arg>mysession</arg>
<arg>${Relative_Url}</arg>
<doc>*DEPRECATED* Please use `GET On Session` instead.</doc>
<msg timestamp="20250808 14:01:12.454" level="WARN">Keyword 'RequestsLibrary.Get Request' is deprecated. Please use `GET On Session` instead.</msg>
<msg timestamp="20250808 14:01:12.714" level="WARN">Retrying (RetryAdapter(total=2, connect=None, read=None, redirect=None, status=None)) after connection broken by 'NewConnectionError('&lt;urllib3.connection.HTTPSConnection object at 0x044D7508&gt;: Failed to establish a new connection: [Errno 11001] getaddrinfo failed')': /summary</msg>
<msg timestamp="20250808 14:01:12.926" level="WARN">Retrying (RetryAdapter(total=1, connect=None, read=None, redirect=None, status=None)) after connection broken by 'NewConnectionError('&lt;urllib3.connection.HTTPSConnection object at 0x044D75F8&gt;: Failed to establish a new connection: [Errno 11001] getaddrinfo failed')': /summary</msg>
<msg timestamp="20250808 14:01:13.345" level="WARN">Retrying (RetryAdapter(total=0, connect=None, read=None, redirect=None, status=None)) after connection broken by 'NewConnectionError('&lt;urllib3.connection.HTTPSConnection object at 0x044D76E8&gt;: Failed to establish a new connection: [Errno 11001] getaddrinfo failed')': /summary</msg>
<msg timestamp="20250808 14:01:13.371" level="FAIL">ConnectionError: HTTPSConnectionPool(host='api.covid19api.com', port=443): Max retries exceeded with url: /summary (Caused by NewConnectionError('&lt;urllib3.connection.HTTPSConnection object at 0x044D77D8&gt;: Failed to establish a new connection: [Errno 11001] getaddrinfo failed'))</msg>
<status status="FAIL" starttime="20250808 14:01:12.454" endtime="20250808 14:01:13.371"/>
</kw>
<kw name="To Json" library="RequestsLibrary">
<var>${json_object}</var>
<arg>${response.content}</arg>
<doc>*DEPRECATED* Please use ${resp.json()} instead. Have a look at the improved HTML output as pretty printing replacement.</doc>
<msg timestamp="20250808 14:01:13.374" level="WARN">Keyword 'RequestsLibrary.To Json' is deprecated. Please use ${resp.json()} instead. Have a look at the improved HTML output as pretty printing replacement.</msg>
<status status="NOT RUN" starttime="20250808 14:01:13.374" endtime="20250808 14:01:13.378"/>
</kw>
<kw name="Get Value From Json" library="JSONLibrary">
<var>${Global_new_confirmed}</var>
<arg>${json_object}</arg>
<arg>$.Global.NewConfirmed</arg>
<doc>Get Value From JSON using JSONPath</doc>
<status status="NOT RUN" starttime="20250808 14:01:13.388" endtime="20250808 14:01:13.388"/>
</kw>
<kw name="Convert To String" library="BuiltIn">
<var>${string_new_confirmed_global}</var>
<arg>${Global_new_confirmed[0]}</arg>
<doc>Converts the given item to a Unicode string.</doc>
<status status="NOT RUN" starttime="20250808 14:01:13.390" endtime="20250808 14:01:13.390"/>
</kw>
<kw name="Should Be Equal" library="BuiltIn">
<arg>${string_new_confirmed_global}</arg>
<arg>636712</arg>
<doc>Fails if the given objects are unequal.</doc>
<status status="NOT RUN" starttime="20250808 14:01:13.391" endtime="20250808 14:01:13.392"/>
</kw>
<kw name="Get Value From Json" library="JSONLibrary">
<var>${Afghanistant_total_confirmed}</var>
<arg>${json_object}</arg>
<arg>$.Countries[0].TotalConfirmed</arg>
<doc>Get Value From JSON using JSONPath</doc>
<status status="NOT RUN" starttime="20250808 14:01:13.393" endtime="20250808 14:01:13.393"/>
</kw>
<kw name="Convert To String" library="BuiltIn">
<var>${string_afg_totalconfirmed}</var>
<arg>${Afghanistant_total_confirmed[0]}</arg>
<doc>Converts the given item to a Unicode string.</doc>
<status status="NOT RUN" starttime="20250808 14:01:13.394" endtime="20250808 14:01:13.395"/>
</kw>
<kw name="Should Be Equal" library="BuiltIn">
<arg>${string_afg_totalconfirmed}</arg>
<arg>157858</arg>
<doc>Fails if the given objects are unequal.</doc>
<status status="NOT RUN" starttime="20250808 14:01:13.396" endtime="20250808 14:01:13.396"/>
</kw>
<kw name="Get Value From Json" library="JSONLibrary">
<var>${Aus_contry_name}</var>
<arg>${json_object}</arg>
<arg>$.Countries[8].Country</arg>
<doc>Get Value From JSON using JSONPath</doc>
<status status="NOT RUN" starttime="20250808 14:01:13.397" endtime="20250808 14:01:13.398"/>
</kw>
<kw name="Should Be Equal" library="BuiltIn">
<arg>${Aus_contry_name[0]}</arg>
<arg>Australia</arg>
<doc>Fails if the given objects are unequal.</doc>
<status status="NOT RUN" starttime="20250808 14:01:13.398" endtime="20250808 14:01:13.399"/>
</kw>
<kw name="Get Value From Json" library="JSONLibrary">
<var>${country_list}</var>
<arg>${json_object}</arg>
<arg>$.Countries</arg>
<doc>Get Value From JSON using JSONPath</doc>
<status status="NOT RUN" starttime="20250808 14:01:13.401" endtime="20250808 14:01:13.401"/>
</kw>
<kw name="Create List" library="BuiltIn">
<var>${Country_name_list}</var>
<doc>Returns a list containing given items.</doc>
<status status="NOT RUN" starttime="20250808 14:01:13.403" endtime="20250808 14:01:13.403"/>
</kw>
<for flavor="IN RANGE">
<var>${i}</var>
<value>50</value>
<iter>
<var name="${i}">${i}</var>
<kw name="Get Dictionary Values" library="Collections">
<var>@{values}</var>
<arg>${country_list[0][${i}]}</arg>
<doc>Returns values of the given ``dictionary`` as a list.</doc>
<status status="NOT RUN" starttime="20250808 14:01:13.405" endtime="20250808 14:01:13.406"/>
</kw>
<kw name="Append To List" library="Collections">
<arg>${Country_name_list}</arg>
<arg>${values[0]}</arg>
<doc>Adds ``values`` to the end of ``list``.</doc>
<status status="NOT RUN" starttime="20250808 14:01:13.407" endtime="20250808 14:01:13.407"/>
</kw>
<for flavor="IN">
<var>${element}</var>
<value>@{values}</value>
<iter>
<var name="${element}">${element}</var>
<kw name="Run Keyword If" library="BuiltIn">
<arg>"${element}" == "Australia"</arg>
<arg>log to console</arg>
<arg>Its matching</arg>
<doc>Runs the given keyword with the given arguments, if ``condition`` is true.</doc>
<status status="NOT RUN" starttime="20250808 14:01:13.408" endtime="20250808 14:01:13.408"/>
</kw>
<kw name="Exit For Loop If" library="BuiltIn">
<arg>"${element}" == "Australia"</arg>
<doc>Stops executing the enclosing for loop if the ``condition`` is true.</doc>
<status status="NOT RUN" starttime="20250808 14:01:13.408" endtime="20250808 14:01:13.408"/>
</kw>
<status status="NOT RUN" starttime="20250808 14:01:13.408" endtime="20250808 14:01:13.408"/>
</iter>
<status status="NOT RUN" starttime="20250808 14:01:13.408" endtime="20250808 14:01:13.408"/>
</for>
<kw name="Evaluate" library="BuiltIn">
<var>${i}</var>
<arg>${i} + 1</arg>
<doc>Evaluates the given expression in Python and returns the result.</doc>
<status status="NOT RUN" starttime="20250808 14:01:13.409" endtime="20250808 14:01:13.409"/>
</kw>
<status status="NOT RUN" starttime="20250808 14:01:13.405" endtime="20250808 14:01:13.409"/>
</iter>
<status status="NOT RUN" starttime="20250808 14:01:13.404" endtime="20250808 14:01:13.409"/>
</for>
<kw name="Log To Console" library="BuiltIn">
<arg>${Country_name_list}</arg>
<doc>Logs the given message to the console.</doc>
<status status="NOT RUN" starttime="20250808 14:01:13.411" endtime="20250808 14:01:13.411"/>
</kw>
<kw name="List Should Contain Value" library="Collections">
<arg>${Country_name_list}</arg>
<arg>Australia</arg>
<doc>Fails if the ``value`` is not found from ``list``.</doc>
<status status="NOT RUN" starttime="20250808 14:01:13.413" endtime="20250808 14:01:13.414"/>
</kw>
<status status="FAIL" starttime="20250808 14:01:12.450" endtime="20250808 14:01:13.415">ConnectionError: HTTPSConnectionPool(host='api.covid19api.com', port=443): Max retries exceeded with url: /summary (Caused by NewConnectionError('&lt;urllib3.connection.HTTPSConnection object at 0x044D77D8&gt;: Failed to establish a new connection: [Errno 11001] getaddrinfo failed'))</status>
</test>
<status status="FAIL" starttime="20250808 14:01:11.459" endtime="20250808 14:01:13.423"/>
</suite>
<statistics>
<total>
<stat pass="0" fail="1" skip="0">All Tests</stat>
</total>
<tag>
</tag>
<suite>
<stat pass="0" fail="1" skip="0" id="s1" name="Complex Json">Complex Json</stat>
</suite>
</statistics>
<errors>
<msg timestamp="20250808 14:01:12.454" level="WARN">Keyword 'RequestsLibrary.Get Request' is deprecated. Please use `GET On Session` instead.</msg>
<msg timestamp="20250808 14:01:12.714" level="WARN">Retrying (RetryAdapter(total=2, connect=None, read=None, redirect=None, status=None)) after connection broken by 'NewConnectionError('&lt;urllib3.connection.HTTPSConnection object at 0x044D7508&gt;: Failed to establish a new connection: [Errno 11001] getaddrinfo failed')': /summary</msg>
<msg timestamp="20250808 14:01:12.926" level="WARN">Retrying (RetryAdapter(total=1, connect=None, read=None, redirect=None, status=None)) after connection broken by 'NewConnectionError('&lt;urllib3.connection.HTTPSConnection object at 0x044D75F8&gt;: Failed to establish a new connection: [Errno 11001] getaddrinfo failed')': /summary</msg>
<msg timestamp="20250808 14:01:13.345" level="WARN">Retrying (RetryAdapter(total=0, connect=None, read=None, redirect=None, status=None)) after connection broken by 'NewConnectionError('&lt;urllib3.connection.HTTPSConnection object at 0x044D76E8&gt;: Failed to establish a new connection: [Errno 11001] getaddrinfo failed')': /summary</msg>
<msg timestamp="20250808 14:01:13.374" level="WARN">Keyword 'RequestsLibrary.To Json' is deprecated. Please use ${resp.json()} instead. Have a look at the improved HTML output as pretty printing replacement.</msg>
</errors>
</robot>
